2012-10-05 22:36:57 Error: [MissingControllerException] Controller class Style.cssController could not be found.
#0 /Applications/XAMPP/xamppfiles/htdocs/snake/app/webroot/index.php(92): Dispatcher->dispatch(Object(CakeRequest), Object(CakeResponse))
#1 {main}
2012-10-05 22:36:57 Error: [MissingControllerException] Controller class ImagesController could not be found.
#0 /Applications/XAMPP/xamppfiles/htdocs/snake/app/webroot/index.php(92): Dispatcher->dispatch(Object(CakeRequest), Object(CakeResponse))
#1 {main}
2012-10-05 22:36:59 Error: [MissingControllerException] Controller class Style.cssController could not be found.
#0 /Applications/XAMPP/xamppfiles/htdocs/snake/app/webroot/index.php(92): Dispatcher->dispatch(Object(CakeRequest), Object(CakeResponse))
#1 {main}
2012-10-05 22:36:59 Error: [MissingControllerException] Controller class ImagesController could not be found.
#0 /Applications/XAMPP/xamppfiles/htdocs/snake/app/webroot/index.php(92): Dispatcher->dispatch(Object(CakeRequest), Object(CakeResponse))
#1 {main}
2012-10-05 22:37:57 Error: [MissingControllerException] Controller class ImagesController could not be found.
#0 /Applications/XAMPP/xamppfiles/htdocs/snake/app/webroot/index.php(92): Dispatcher->dispatch(Object(CakeRequest), Object(CakeResponse))
#1 {main}
2012-10-05 22:37:57 Error: [MissingControllerException] Controller class CssController could not be found.
#0 /Applications/XAMPP/xamppfiles/htdocs/snake/app/webroot/index.php(92): Dispatcher->dispatch(Object(CakeRequest), Object(CakeResponse))
#1 {main}
2012-10-05 22:40:35 Error: [MissingControllerException] Controller class ImagesController could not be found.
#0 /Applications/XAMPP/xamppfiles/htdocs/snake/app/webroot/index.php(92): Dispatcher->dispatch(Object(CakeRequest), Object(CakeResponse))
#1 {main}
2012-10-05 22:40:36 Error: [MissingControllerException] Controller class ImagesController could not be found.
#0 /Applications/XAMPP/xamppfiles/htdocs/snake/app/webroot/index.php(92): Dispatcher->dispatch(Object(CakeRequest), Object(CakeResponse))
#1 {main}
2012-10-05 22:41:14 Error: [MissingControllerException] Controller class ImagesController could not be found.
#0 /Applications/XAMPP/xamppfiles/htdocs/snake/app/webroot/index.php(92): Dispatcher->dispatch(Object(CakeRequest), Object(CakeResponse))
#1 {main}
2012-10-05 22:41:39 Error: [MissingControllerException] Controller class ImagesController could not be found.
#0 /Applications/XAMPP/xamppfiles/htdocs/snake/app/webroot/index.php(92): Dispatcher->dispatch(Object(CakeRequest), Object(CakeResponse))
#1 {main}
2012-10-05 22:41:40 Error: [MissingControllerException] Controller class ImagesController could not be found.
#0 /Applications/XAMPP/xamppfiles/htdocs/snake/app/webroot/index.php(92): Dispatcher->dispatch(Object(CakeRequest), Object(CakeResponse))
#1 {main}
2012-10-05 22:41:40 Error: [MissingControllerException] Controller class ImagesController could not be found.
#0 /Applications/XAMPP/xamppfiles/htdocs/snake/app/webroot/index.php(92): Dispatcher->dispatch(Object(CakeRequest), Object(CakeResponse))
#1 {main}
2012-10-05 22:41:42 Error: [MissingControllerException] Controller class ImagesController could not be found.
#0 /Applications/XAMPP/xamppfiles/htdocs/snake/app/webroot/index.php(92): Dispatcher->dispatch(Object(CakeRequest), Object(CakeResponse))
#1 {main}
2012-10-05 22:42:01 Error: [MissingControllerException] Controller class ImagesController could not be found.
#0 /Applications/XAMPP/xamppfiles/htdocs/snake/app/webroot/index.php(92): Dispatcher->dispatch(Object(CakeRequest), Object(CakeResponse))
#1 {main}
2012-10-05 22:42:24 Error: [MissingControllerException] Controller class ImagesController could not be found.
#0 /Applications/XAMPP/xamppfiles/htdocs/snake/app/webroot/index.php(92): Dispatcher->dispatch(Object(CakeRequest), Object(CakeResponse))
#1 {main}
2012-10-05 22:42:29 Error: [MissingControllerException] Controller class ImagesController could not be found.
#0 /Applications/XAMPP/xamppfiles/htdocs/snake/app/webroot/index.php(92): Dispatcher->dispatch(Object(CakeRequest), Object(CakeResponse))
#1 {main}
2012-10-05 22:42:31 Error: [MissingControllerException] Controller class ImagesController could not be found.
#0 /Applications/XAMPP/xamppfiles/htdocs/snake/app/webroot/index.php(92): Dispatcher->dispatch(Object(CakeRequest), Object(CakeResponse))
#1 {main}
2012-10-05 22:42:37 Error: [MissingControllerException] Controller class ImagesController could not be found.
#0 /Applications/XAMPP/xamppfiles/htdocs/snake/app/webroot/index.php(92): Dispatcher->dispatch(Object(CakeRequest), Object(CakeResponse))
#1 {main}
2012-10-05 22:42:38 Error: [MissingControllerException] Controller class ImagesController could not be found.
#0 /Applications/XAMPP/xamppfiles/htdocs/snake/app/webroot/index.php(92): Dispatcher->dispatch(Object(CakeRequest), Object(CakeResponse))
#1 {main}
2012-10-05 22:43:16 Error: [MissingControllerException] Controller class ImagesController could not be found.
#0 /Applications/XAMPP/xamppfiles/htdocs/snake/app/webroot/index.php(92): Dispatcher->dispatch(Object(CakeRequest), Object(CakeResponse))
#1 {main}
2012-10-05 22:43:17 Error: [MissingControllerException] Controller class ImagesController could not be found.
#0 /Applications/XAMPP/xamppfiles/htdocs/snake/app/webroot/index.php(92): Dispatcher->dispatch(Object(CakeRequest), Object(CakeResponse))
#1 {main}
2012-10-05 22:43:22 Error: [MissingControllerException] Controller class ImagesController could not be found.
#0 /Applications/XAMPP/xamppfiles/htdocs/snake/app/webroot/index.php(92): Dispatcher->dispatch(Object(CakeRequest), Object(CakeResponse))
#1 {main}
2012-10-05 22:44:04 Error: [MissingControllerException] Controller class ImagesController could not be found.
#0 /Applications/XAMPP/xamppfiles/htdocs/snake/app/webroot/index.php(92): Dispatcher->dispatch(Object(CakeRequest), Object(CakeResponse))
#1 {main}
2012-10-05 22:44:05 Error: [MissingControllerException] Controller class ImagesController could not be found.
#0 /Applications/XAMPP/xamppfiles/htdocs/snake/app/webroot/index.php(92): Dispatcher->dispatch(Object(CakeRequest), Object(CakeResponse))
#1 {main}
2012-10-05 22:44:27 Error: [MissingControllerException] Controller class ImagesController could not be found.
#0 /Applications/XAMPP/xamppfiles/htdocs/snake/app/webroot/index.php(92): Dispatcher->dispatch(Object(CakeRequest), Object(CakeResponse))
#1 {main}
2012-10-05 22:44:28 Error: [MissingControllerException] Controller class ImagesController could not be found.
#0 /Applications/XAMPP/xamppfiles/htdocs/snake/app/webroot/index.php(92): Dispatcher->dispatch(Object(CakeRequest), Object(CakeResponse))
#1 {main}
2012-10-05 22:45:06 Error: [MissingControllerException] Controller class ImagesController could not be found.
#0 /Applications/XAMPP/xamppfiles/htdocs/snake/app/webroot/index.php(92): Dispatcher->dispatch(Object(CakeRequest), Object(CakeResponse))
#1 {main}
2012-10-05 22:45:13 Error: [MissingControllerException] Controller class ImagesController could not be found.
#0 /Applications/XAMPP/xamppfiles/htdocs/snake/app/webroot/index.php(92): Dispatcher->dispatch(Object(CakeRequest), Object(CakeResponse))
#1 {main}
2012-10-05 22:50:48 Error: [MissingControllerException] Controller class ImagesController could not be found.
#0 /Applications/XAMPP/xamppfiles/htdocs/snake/app/webroot/index.php(92): Dispatcher->dispatch(Object(CakeRequest), Object(CakeResponse))
#1 {main}
2012-10-05 22:51:14 Error: [MissingControllerException] Controller class ImagesController could not be found.
#0 /Applications/XAMPP/xamppfiles/htdocs/snake/app/webroot/index.php(92): Dispatcher->dispatch(Object(CakeRequest), Object(CakeResponse))
#1 {main}
2012-10-05 22:52:58 Error: [MissingControllerException] Controller class ImagesController could not be found.
#0 /Applications/XAMPP/xamppfiles/htdocs/snake/app/webroot/index.php(92): Dispatcher->dispatch(Object(CakeRequest), Object(CakeResponse))
#1 {main}
2012-10-05 22:54:26 Error: [MissingControllerException] Controller class ImagesController could not be found.
#0 /Applications/XAMPP/xamppfiles/htdocs/snake/app/webroot/index.php(92): Dispatcher->dispatch(Object(CakeRequest), Object(CakeResponse))
#1 {main}
2012-10-05 22:56:42 Error: [MissingControllerException] Controller class CssController could not be found.
#0 /Applications/XAMPP/xamppfiles/htdocs/snake/app/webroot/index.php(92): Dispatcher->dispatch(Object(CakeRequest), Object(CakeResponse))
#1 {main}
2012-10-05 22:56:42 Error: [MissingControllerException] Controller class ImagesController could not be found.
#0 /Applications/XAMPP/xamppfiles/htdocs/snake/app/webroot/index.php(92): Dispatcher->dispatch(Object(CakeRequest), Object(CakeResponse))
#1 {main}
2012-10-05 22:57:23 Error: [MissingControllerException] Controller class CssController could not be found.
#0 /Applications/XAMPP/xamppfiles/htdocs/snake/app/webroot/index.php(92): Dispatcher->dispatch(Object(CakeRequest), Object(CakeResponse))
#1 {main}
2012-10-05 22:57:23 Error: [MissingControllerException] Controller class ImagesController could not be found.
#0 /Applications/XAMPP/xamppfiles/htdocs/snake/app/webroot/index.php(92): Dispatcher->dispatch(Object(CakeRequest), Object(CakeResponse))
#1 {main}
2012-10-05 22:57:24 Error: [MissingControllerException] Controller class ImagesController could not be found.
#0 /Applications/XAMPP/xamppfiles/htdocs/snake/app/webroot/index.php(92): Dispatcher->dispatch(Object(CakeRequest), Object(CakeResponse))
#1 {main}
2012-10-05 22:58:56 Error: [MissingControllerException] Controller class ImagesController could not be found.
#0 /Applications/XAMPP/xamppfiles/htdocs/snake/app/webroot/index.php(92): Dispatcher->dispatch(Object(CakeRequest), Object(CakeResponse))
#1 {main}
2012-10-05 22:58:56 Error: [MissingControllerException] Controller class CssController could not be found.
#0 /Applications/XAMPP/xamppfiles/htdocs/snake/app/webroot/index.php(92): Dispatcher->dispatch(Object(CakeRequest), Object(CakeResponse))
#1 {main}
2012-10-05 22:59:15 Error: [MissingControllerException] Controller class ImagesController could not be found.
#0 /Applications/XAMPP/xamppfiles/htdocs/snake/app/webroot/index.php(92): Dispatcher->dispatch(Object(CakeRequest), Object(CakeResponse))
#1 {main}
2012-10-05 22:59:15 Error: [MissingControllerException] Controller class CssController could not be found.
#0 /Applications/XAMPP/xamppfiles/htdocs/snake/app/webroot/index.php(92): Dispatcher->dispatch(Object(CakeRequest), Object(CakeResponse))
#1 {main}
2012-10-05 22:59:16 Error: [MissingControllerException] Controller class ImagesController could not be found.
#0 /Applications/XAMPP/xamppfiles/htdocs/snake/app/webroot/index.php(92): Dispatcher->dispatch(Object(CakeRequest), Object(CakeResponse))
#1 {main}
2012-10-05 23:00:56 Error: [MissingControllerException] Controller class ImagesController could not be found.
#0 /Applications/XAMPP/xamppfiles/htdocs/snake/app/webroot/index.php(92): Dispatcher->dispatch(Object(CakeRequest), Object(CakeResponse))
#1 {main}
2012-10-05 23:00:56 Error: [MissingControllerException] Controller class CssController could not be found.
#0 /Applications/XAMPP/xamppfiles/htdocs/snake/app/webroot/index.php(92): Dispatcher->dispatch(Object(CakeRequest), Object(CakeResponse))
#1 {main}
2012-10-05 23:00:57 Error: [MissingControllerException] Controller class ImagesController could not be found.
#0 /Applications/XAMPP/xamppfiles/htdocs/snake/app/webroot/index.php(92): Dispatcher->dispatch(Object(CakeRequest), Object(CakeResponse))
#1 {main}
2012-10-05 23:11:09 Error: [MissingControllerException] Controller class ImagesController could not be found.
#0 /Applications/XAMPP/xamppfiles/htdocs/snake/app/webroot/index.php(92): Dispatcher->dispatch(Object(CakeRequest), Object(CakeResponse))
#1 {main}
2012-10-05 23:11:09 Error: [MissingControllerException] Controller class CssController could not be found.
#0 /Applications/XAMPP/xamppfiles/htdocs/snake/app/webroot/index.php(92): Dispatcher->dispatch(Object(CakeRequest), Object(CakeResponse))
#1 {main}
2012-10-05 23:14:46 Error: [MissingControllerException] Controller class ImagesController could not be found.
#0 /Applications/XAMPP/xamppfiles/htdocs/snake/app/webroot/index.php(92): Dispatcher->dispatch(Object(CakeRequest), Object(CakeResponse))
#1 {main}
2012-10-05 23:16:02 Error: [MissingControllerException] Controller class ImagesController could not be found.
#0 /Applications/XAMPP/xamppfiles/htdocs/snake/app/webroot/index.php(92): Dispatcher->dispatch(Object(CakeRequest), Object(CakeResponse))
#1 {main}
2012-10-05 23:18:53 Error: [MissingControllerException] Controller class ImagesController could not be found.
#0 /Applications/XAMPP/xamppfiles/htdocs/snake/app/webroot/index.php(92): Dispatcher->dispatch(Object(CakeRequest), Object(CakeResponse))
#1 {main}
2012-10-05 23:20:07 Error: [MissingControllerException] Controller class ImagesController could not be found.
#0 /Applications/XAMPP/xamppfiles/htdocs/snake/app/webroot/index.php(92): Dispatcher->dispatch(Object(CakeRequest), Object(CakeResponse))
#1 {main}
2012-10-05 23:20:34 Error: [MissingControllerException] Controller class ImagesController could not be found.
#0 /Applications/XAMPP/xamppfiles/htdocs/snake/app/webroot/index.php(92): Dispatcher->dispatch(Object(CakeRequest), Object(CakeResponse))
#1 {main}
2012-10-05 23:21:49 Error: [MissingControllerException] Controller class ImagesController could not be found.
#0 /Applications/XAMPP/xamppfiles/htdocs/snake/app/webroot/index.php(92): Dispatcher->dispatch(Object(CakeRequest), Object(CakeResponse))
#1 {main}
2012-10-05 23:50:51 Error: [MissingControllerException] Controller class ImagesController could not be found.
#0 /Applications/XAMPP/xamppfiles/htdocs/snake/app/webroot/index.php(92): Dispatcher->dispatch(Object(CakeRequest), Object(CakeResponse))
#1 {main}
2012-10-05 23:53:07 Error: [MissingControllerException] Controller class ImagesController could not be found.
#0 /Applications/XAMPP/xamppfiles/htdocs/snake/app/webroot/index.php(92): Dispatcher->dispatch(Object(CakeRequest), Object(CakeResponse))
#1 {main}
2012-10-05 23:57:03 Error: [MissingControllerException] Controller class ImagesController could not be found.
#0 /Applications/XAMPP/xamppfiles/htdocs/snake/app/webroot/index.php(92): Dispatcher->dispatch(Object(CakeRequest), Object(CakeResponse))
#1 {main}
2012-10-06 00:31:45 Error: [MissingControllerException] Controller class CssController could not be found.
#0 /Applications/XAMPP/xamppfiles/htdocs/snake/app/webroot/index.php(92): Dispatcher->dispatch(Object(CakeRequest), Object(CakeResponse))
#1 {main}
2012-10-06 00:32:08 Error: [MissingControllerException] Controller class CssController could not be found.
#0 /Applications/XAMPP/xamppfiles/htdocs/snake/app/webroot/index.php(92): Dispatcher->dispatch(Object(CakeRequest), Object(CakeResponse))
#1 {main}
2012-10-06 00:32:09 Error: [MissingControllerException] Controller class CssController could not be found.
#0 /Applications/XAMPP/xamppfiles/htdocs/snake/app/webroot/index.php(92): Dispatcher->dispatch(Object(CakeRequest), Object(CakeResponse))
#1 {main}
2012-10-06 00:33:57 Error: [MissingControllerException] Controller class CssController could not be found.
#0 /Applications/XAMPP/xamppfiles/htdocs/snake/app/webroot/index.php(92): Dispatcher->dispatch(Object(CakeRequest), Object(CakeResponse))
#1 {main}
2012-10-06 00:39:20 Error: [MissingControllerException] Controller class CssController could not be found.
#0 /Applications/XAMPP/xamppfiles/htdocs/snake/app/webroot/index.php(92): Dispatcher->dispatch(Object(CakeRequest), Object(CakeResponse))
#1 {main}
2012-10-06 00:45:07 Error: [MissingControllerException] Controller class CssController could not be found.
#0 /Applications/XAMPP/xamppfiles/htdocs/snake/app/webroot/index.php(92): Dispatcher->dispatch(Object(CakeRequest), Object(CakeResponse))
#1 {main}
2012-10-06 00:45:12 Error: [MissingControllerException] Controller class CssController could not be found.
#0 /Applications/XAMPP/xamppfiles/htdocs/snake/app/webroot/index.php(92): Dispatcher->dispatch(Object(CakeRequest), Object(CakeResponse))
#1 {main}
2012-10-06 00:49:42 Error: [MissingControllerException] Controller class CssController could not be found.
#0 /Applications/XAMPP/xamppfiles/htdocs/snake/app/webroot/index.php(92): Dispatcher->dispatch(Object(CakeRequest), Object(CakeResponse))
#1 {main}
2012-10-06 00:50:30 Error: [MissingControllerException] Controller class CssController could not be found.
#0 /Applications/XAMPP/xamppfiles/htdocs/snake/app/webroot/index.php(92): Dispatcher->dispatch(Object(CakeRequest), Object(CakeResponse))
#1 {main}
2012-10-06 00:56:13 Error: [MissingControllerException] Controller class CssController could not be found.
#0 /Applications/XAMPP/xamppfiles/htdocs/snake/app/webroot/index.php(92): Dispatcher->dispatch(Object(CakeRequest), Object(CakeResponse))
#1 {main}
2012-10-06 00:56:39 Error: [MissingControllerException] Controller class CssController could not be found.
#0 /Applications/XAMPP/xamppfiles/htdocs/snake/app/webroot/index.php(92): Dispatcher->dispatch(Object(CakeRequest), Object(CakeResponse))
#1 {main}
2012-10-06 00:56:54 Error: [MissingControllerException] Controller class CssController could not be found.
#0 /Applications/XAMPP/xamppfiles/htdocs/snake/app/webroot/index.php(92): Dispatcher->dispatch(Object(CakeRequest), Object(CakeResponse))
#1 {main}
2012-10-06 00:58:07 Error: [MissingControllerException] Controller class CssController could not be found.
#0 /Applications/XAMPP/xamppfiles/htdocs/snake/app/webroot/index.php(92): Dispatcher->dispatch(Object(CakeRequest), Object(CakeResponse))
#1 {main}
2012-10-06 00:58:38 Error: [MissingControllerException] Controller class CssController could not be found.
#0 /Applications/XAMPP/xamppfiles/htdocs/snake/app/webroot/index.php(92): Dispatcher->dispatch(Object(CakeRequest), Object(CakeResponse))
#1 {main}
2012-10-06 00:58:48 Error: [MissingControllerException] Controller class CssController could not be found.
#0 /Applications/XAMPP/xamppfiles/htdocs/snake/app/webroot/index.php(92): Dispatcher->dispatch(Object(CakeRequest), Object(CakeResponse))
#1 {main}
2012-10-06 00:58:56 Error: [MissingControllerException] Controller class CssController could not be found.
#0 /Applications/XAMPP/xamppfiles/htdocs/snake/app/webroot/index.php(92): Dispatcher->dispatch(Object(CakeRequest), Object(CakeResponse))
#1 {main}
2012-10-06 01:02:58 Error: [MissingControllerException] Controller class CssController could not be found.
#0 /Applications/XAMPP/xamppfiles/htdocs/snake/app/webroot/index.php(92): Dispatcher->dispatch(Object(CakeRequest), Object(CakeResponse))
#1 {main}
2012-10-06 01:04:49 Error: [MissingControllerException] Controller class CssController could not be found.
#0 /Applications/XAMPP/xamppfiles/htdocs/snake/app/webroot/index.php(92): Dispatcher->dispatch(Object(CakeRequest), Object(CakeResponse))
#1 {main}
2012-10-06 01:13:13 Error: [MissingControllerException] Controller class CssController could not be found.
#0 /Applications/XAMPP/xamppfiles/htdocs/snake/app/webroot/index.php(92): Dispatcher->dispatch(Object(CakeRequest), Object(CakeResponse))
#1 {main}
2012-10-06 01:15:21 Error: [MissingControllerException] Controller class CssController could not be found.
#0 /Applications/XAMPP/xamppfiles/htdocs/snake/app/webroot/index.php(92): Dispatcher->dispatch(Object(CakeRequest), Object(CakeResponse))
#1 {main}
2012-10-06 01:16:32 Error: [MissingControllerException] Controller class CssController could not be found.
#0 /Applications/XAMPP/xamppfiles/htdocs/snake/app/webroot/index.php(92): Dispatcher->dispatch(Object(CakeRequest), Object(CakeResponse))
#1 {main}
2012-10-06 01:16:41 Error: [MissingControllerException] Controller class CssController could not be found.
#0 /Applications/XAMPP/xamppfiles/htdocs/snake/app/webroot/index.php(92): Dispatcher->dispatch(Object(CakeRequest), Object(CakeResponse))
#1 {main}
2012-10-06 01:23:34 Error: [MissingControllerException] Controller class CssController could not be found.
#0 /Applications/XAMPP/xamppfiles/htdocs/snake/app/webroot/index.php(92): Dispatcher->dispatch(Object(CakeRequest), Object(CakeResponse))
#1 {main}
2012-10-06 01:31:58 Error: [MissingControllerException] Controller class CssController could not be found.
#0 /Applications/XAMPP/xamppfiles/htdocs/snake/app/webroot/index.php(92): Dispatcher->dispatch(Object(CakeRequest), Object(CakeResponse))
#1 {main}
2012-10-06 01:41:26 Error: [MissingControllerException] Controller class CssController could not be found.
#0 /Applications/XAMPP/xamppfiles/htdocs/snake/app/webroot/index.php(92): Dispatcher->dispatch(Object(CakeRequest), Object(CakeResponse))
#1 {main}
2012-10-06 01:41:46 Error: [MissingControllerException] Controller class CssController could not be found.
#0 /Applications/XAMPP/xamppfiles/htdocs/snake/app/webroot/index.php(92): Dispatcher->dispatch(Object(CakeRequest), Object(CakeResponse))
#1 {main}
2012-10-06 01:45:58 Error: [MissingControllerException] Controller class CssController could not be found.
#0 /Applications/XAMPP/xamppfiles/htdocs/snake/app/webroot/index.php(92): Dispatcher->dispatch(Object(CakeRequest), Object(CakeResponse))
#1 {main}
2012-10-06 01:46:16 Error: [MissingControllerException] Controller class CssController could not be found.
#0 /Applications/XAMPP/xamppfiles/htdocs/snake/app/webroot/index.php(92): Dispatcher->dispatch(Object(CakeRequest), Object(CakeResponse))
#1 {main}
2012-10-06 01:47:42 Error: [MissingControllerException] Controller class CssController could not be found.
#0 /Applications/XAMPP/xamppfiles/htdocs/snake/app/webroot/index.php(92): Dispatcher->dispatch(Object(CakeRequest), Object(CakeResponse))
#1 {main}
2012-10-06 01:48:23 Error: [MissingControllerException] Controller class CssController could not be found.
#0 /Applications/XAMPP/xamppfiles/htdocs/snake/app/webroot/index.php(92): Dispatcher->dispatch(Object(CakeRequest), Object(CakeResponse))
#1 {main}
2012-10-06 01:48:34 Error: [MissingControllerException] Controller class CssController could not be found.
#0 /Applications/XAMPP/xamppfiles/htdocs/snake/app/webroot/index.php(92): Dispatcher->dispatch(Object(CakeRequest), Object(CakeResponse))
#1 {main}
2012-10-06 01:48:44 Error: [MissingControllerException] Controller class CssController could not be found.
#0 /Applications/XAMPP/xamppfiles/htdocs/snake/app/webroot/index.php(92): Dispatcher->dispatch(Object(CakeRequest), Object(CakeResponse))
#1 {main}
2012-10-06 01:50:41 Error: [MissingControllerException] Controller class CssController could not be found.
#0 /Applications/XAMPP/xamppfiles/htdocs/snake/app/webroot/index.php(92): Dispatcher->dispatch(Object(CakeRequest), Object(CakeResponse))
#1 {main}
2012-10-06 01:52:00 Error: [MissingControllerException] Controller class CssController could not be found.
#0 /Applications/XAMPP/xamppfiles/htdocs/snake/app/webroot/index.php(92): Dispatcher->dispatch(Object(CakeRequest), Object(CakeResponse))
#1 {main}
2012-10-06 01:52:51 Error: [MissingControllerException] Controller class CssController could not be found.
#0 /Applications/XAMPP/xamppfiles/htdocs/snake/app/webroot/index.php(92): Dispatcher->dispatch(Object(CakeRequest), Object(CakeResponse))
#1 {main}
2012-10-06 01:53:17 Error: [MissingControllerException] Controller class CssController could not be found.
#0 /Applications/XAMPP/xamppfiles/htdocs/snake/app/webroot/index.php(92): Dispatcher->dispatch(Object(CakeRequest), Object(CakeResponse))
#1 {main}
2012-10-06 01:53:44 Error: [MissingControllerException] Controller class CssController could not be found.
#0 /Applications/XAMPP/xamppfiles/htdocs/snake/app/webroot/index.php(92): Dispatcher->dispatch(Object(CakeRequest), Object(CakeResponse))
#1 {main}
2012-10-06 01:53:51 Error: [MissingControllerException] Controller class CssController could not be found.
#0 /Applications/XAMPP/xamppfiles/htdocs/snake/app/webroot/index.php(92): Dispatcher->dispatch(Object(CakeRequest), Object(CakeResponse))
#1 {main}
2012-10-06 01:54:44 Error: [MissingControllerException] Controller class CssController could not be found.
#0 /Applications/XAMPP/xamppfiles/htdocs/snake/app/webroot/index.php(92): Dispatcher->dispatch(Object(CakeRequest), Object(CakeResponse))
#1 {main}
2012-10-06 01:55:15 Error: [MissingControllerException] Controller class CssController could not be found.
#0 /Applications/XAMPP/xamppfiles/htdocs/snake/app/webroot/index.php(92): Dispatcher->dispatch(Object(CakeRequest), Object(CakeResponse))
#1 {main}
